<?xml version="1.0" encoding="UTF-8" ?>
<testsuite errors="0" failures="0" hostname="Manav-Mac.local" name="edu.duke.cabig.c3pr.grid.C3PRStudyConsumerImplTest" tests="1" time="1.227" timestamp="2007-10-11T03:09:06">
  <properties>
[...]
</properties>
  <testcase classname="edu.duke.cabig.c3pr.grid.C3PRStudyConsumerImplTest" name="testCreateOrUpdateStudy" time="1.015" />
  <system-out><![CDATA[Received study with gridId testStudyGridId
]]></system-out>
  <system-err><![CDATA[]]></system-err>
</testsuite>
